<!DOCTYPE html PUBLIC "-//W3C//DTD XHTML 1.1//EN" "http://www.w3.org/TR/xhtml11/DTD/xhtml11.dtd">
<html xmlns="http://www.w3.org/1999/xhtml">
<head>
<meta http-equiv="content-type" content="text/html; charset=UTF-8"/>
<title>TestNG Report</title>
<style type="text/css">table {margin-bottom:10px;border-collapse:collapse;empty-cells:show}th,td {border:1px solid #009;padding:.25em .5em}th {vertical-align:bottom}td {vertical-align:top}table a {font-weight:bold}.stripe td {background-color: #E6EBF9}.num {text-align:right}.passedodd td {background-color: #3F3}.passedeven td {background-color: #0A0}.skippedodd td {background-color: #DDD}.skippedeven td {background-color: #CCC}.failedodd td,.attn {background-color: #F33}.failedeven td,.stripe .attn {background-color: #D00}.stacktrace {white-space:pre;font-family:monospace}.totop {font-size:85%;text-align:center;border-bottom:2px solid #000}.invisible {display:none}</style>
</head>
<body>
<table>
<tr><th>Test</th><th># Passed</th><th># Skipped</th><th># Failed</th><th>Time (ms)</th><th>Included Groups</th><th>Excluded Groups</th></tr>
<tr><th colspan="7">Default suite</th></tr>
<tr><td><a href="#t0">Default test</a></td><td class="num">25</td><td class="num">0</td><td class="num attn">2</td><td class="num">581,422</td><td></td><td></td></tr>
</table>
<table id='summary'><thead><tr><th>Class</th><th>Method</th><th>Start</th><th>Time (ms)</th></tr></thead><tbody><tr><th colspan="4">Default suite</th></tr></tbody><tbody id="t0"><tr><th colspan="4">Default test &#8212; failed</th></tr><tr class="failedeven"><td rowspan="2">smokeTest.ValidateSmokeTest</td><td><a href="#m0">ValidateCheckoutProcess</a></td><td rowspan="1">1548974148593</td><td rowspan="1">53873</td></tr><tr class="failedeven"><td><a href="#m1">ValidateCompaePage</a></td><td rowspan="1">1548974407764</td><td rowspan="1">53821</td></tr><tr><th colspan="4">Default test &#8212; passed</th></tr><tr class="passedeven"><td rowspan="25">smokeTest.ValidateSmokeTest</td><td><a href="#m2">ValidateAllProduct</a></td><td rowspan="1">1548974073028</td><td rowspan="1">11606</td></tr><tr class="passedeven"><td><a href="#m3">ValidateAudioCablesCategory</a></td><td rowspan="1">1548974084636</td><td rowspan="1">4085</td></tr><tr class="passedeven"><td><a href="#m4">ValidateCalendarLinks</a></td><td rowspan="1">1548974344393</td><td rowspan="1">55726</td></tr><tr class="passedeven"><td><a href="#m5">ValidateCalendarPage</a></td><td rowspan="1">1548974340077</td><td rowspan="1">4316</td></tr><tr class="passedeven"><td><a href="#m6">ValidateCartPage</a></td><td rowspan="1">1548974139974</td><td rowspan="1">8618</td></tr><tr class="passedeven"><td><a href="#m7">ValidateCheckoutFooterLogo</a></td><td rowspan="1">1548974214215</td><td rowspan="1">2399</td></tr><tr class="passedeven"><td><a href="#m8">ValidateCheckoutHeaderLogo</a></td><td rowspan="1">1548974202485</td><td rowspan="1">11729</td></tr><tr class="passedeven"><td><a href="#m9">ValidateFavoriteIcon</a></td><td rowspan="1">1548973929770</td><td rowspan="1">24383</td></tr><tr class="passedeven"><td><a href="#m10">ValidateFooterLinks</a></td><td rowspan="1">1548974216615</td><td rowspan="1">70499</td></tr><tr class="passedeven"><td><a href="#m11">ValidateFooterLogo</a></td><td rowspan="1">1548974021298</td><td rowspan="1">5283</td></tr><tr class="passedeven"><td><a href="#m12">ValidateHeaderLogo</a></td><td rowspan="1">1548974039443</td><td rowspan="1">6509</td></tr><tr class="passedeven"><td><a href="#m13">ValidateLogin</a></td><td rowspan="1">1548973882653</td><td rowspan="1">47112</td></tr><tr class="passedeven"><td><a href="#m14">ValidateMyProfNavigation</a></td><td rowspan="1">1548974026588</td><td rowspan="1">12850</td></tr><tr class="passedeven"><td><a href="#m15">ValidatePAEmail</a></td><td rowspan="1">1548974339141</td><td rowspan="1">936</td></tr><tr class="passedeven"><td><a href="#m16">ValidatePDPandAddToCart</a></td><td rowspan="1">1548973964822</td><td rowspan="1">37799</td></tr><tr class="passedeven"><td><a href="#m17">ValidatePurchaseAnalysisPage</a></td><td rowspan="1">1548974332110</td><td rowspan="1">7030</td></tr><tr class="passedeven"><td><a href="#m18">ValidateRecentViewLink</a></td><td rowspan="1">1548974002621</td><td rowspan="1">18677</td></tr><tr class="passedeven"><td><a href="#m19">ValidateResources</a></td><td rowspan="1">1548974088723</td><td rowspan="1">43763</td></tr><tr class="passedeven"><td><a href="#m20">ValidateSavedReports</a></td><td rowspan="1">1548974400122</td><td rowspan="1">7640</td></tr><tr class="passedeven"><td><a href="#m21">ValidateSearching</a></td><td rowspan="1">1548973954153</td><td rowspan="1">10666</td></tr><tr class="passedeven"><td><a href="#m22">ValidateSpecialOffer</a></td><td rowspan="1">1548974132489</td><td rowspan="1">7475</td></tr><tr class="passedeven"><td><a href="#m23">ValidateStandardsCatalog</a></td><td rowspan="1">1548974045954</td><td rowspan="1">6254</td></tr><tr class="passedeven"><td><a href="#m24">ValidateStandardsCatalogDetail</a></td><td rowspan="1">1548974052209</td><td rowspan="1">20819</td></tr><tr class="passedeven"><td><a href="#m25">ValidateTrackpage</a></td><td rowspan="1">1548974287129</td><td rowspan="1">19515</td></tr><tr class="passedeven"><td><a href="#m26">ValidateordersPage</a></td><td rowspan="1">1548974306644</td><td rowspan="1">25466</td></tr></tbody>
</table>
<h2>Default test</h2><h3 id="m0">smokeTest.ValidateSmokeTest#ValidateCheckoutProcess</h3><table class="result"><tr><th>Exception</th></tr><tr><td><div class="stacktrace">org.openqa.selenium.NoSuchElementException: no such element: Unable to locate element: {&quot;method&quot;:&quot;xpath&quot;,&quot;selector&quot;:&quot;(//a[@class=&apos;btn btn-primary btn-save placeOrderBtn&apos;])[1]&quot;}
  (Session info: chrome=71.0.3578.98)
  (Driver info: chromedriver=2.36.540470 (e522d04694c7ebea4ba8821272dbef4f9b818c91),platform=Windows NT 10.0.17134 x86_64) (WARNING: The server did not provide any stacktrace information)
Command duration or timeout: 0 milliseconds
For documentation on this error, please visit: http://seleniumhq.org/exceptions/no_such_element.html
Build info: version: &apos;3.8.1&apos;, revision: &apos;6e95a6684b&apos;, time: &apos;2017-12-01T18:33:54.468Z&apos;
System info: host: &apos;DESKTOP-B75F35K&apos;, ip: &apos;192.168.14.216&apos;, os.name: &apos;Windows 10&apos;, os.arch: &apos;amd64&apos;, os.version: &apos;10.0&apos;, java.version: &apos;1.8.0_171&apos;
Driver info: org.openqa.selenium.chrome.ChromeDriver
Capabilities {acceptInsecureCerts: false, acceptSslCerts: false, applicationCacheEnabled: false, browserConnectionEnabled: false, browserName: chrome, chrome: {chromedriverVersion: 2.36.540470 (e522d04694c7eb..., userDataDir: C:\Users\bilaw\AppData\Loca...}, cssSelectorsEnabled: true, databaseEnabled: false, handlesAlerts: true, hasTouchScreen: false, javascriptEnabled: true, locationContextEnabled: true, mobileEmulationEnabled: false, nativeEvents: true, networkConnectionEnabled: false, pageLoadStrategy: normal, platform: XP, platformName: XP, rotatable: false, setWindowRect: true, takesHeapSnapshot: true, takesScreenshot: true, unexpectedAlertBehaviour: , unhandledPromptBehavior: , version: 71.0.3578.98, webStorageEnabled: true}
Session ID: 0a03d85c96a2ee3271c0342a191faf74
*** Element info: {Using=xpath, value=(//a[@class=&apos;btn btn-primary btn-save placeOrderBtn&apos;])[1]}
	at sun.reflect.NativeConstructorAccessorImpl.newInstance0(Native Method)
	at sun.reflect.NativeConstructorAccessorImpl.newInstance(Unknown Source)
	at sun.reflect.DelegatingConstructorAccessorImpl.newInstance(Unknown Source)
	at java.lang.reflect.Constructor.newInstance(Unknown Source)
	at org.openqa.selenium.remote.ErrorHandler.createThrowable(ErrorHandler.java:214)
	at org.openqa.selenium.remote.ErrorHandler.throwIfResponseFailed(ErrorHandler.java:166)
	at org.openqa.selenium.remote.http.JsonHttpResponseCodec.reconstructValue(JsonHttpResponseCodec.java:40)
	at org.openqa.selenium.remote.http.AbstractHttpResponseCodec.decode(AbstractHttpResponseCodec.java:80)
	at org.openqa.selenium.remote.http.AbstractHttpResponseCodec.decode(AbstractHttpResponseCodec.java:44)
	at org.openqa.selenium.remote.HttpCommandExecutor.execute(HttpCommandExecutor.java:164)
	at org.openqa.selenium.remote.service.DriverCommandExecutor.execute(DriverCommandExecutor.java:83)
	at org.openqa.selenium.remote.RemoteWebDriver.execute(RemoteWebDriver.java:601)
	at org.openqa.selenium.remote.RemoteWebDriver.findElement(RemoteWebDriver.java:371)
	at org.openqa.selenium.remote.RemoteWebDriver.findElementByXPath(RemoteWebDriver.java:473)
	at org.openqa.selenium.By$ByXPath.findElement(By.java:361)
	at org.openqa.selenium.remote.RemoteWebDriver.findElement(RemoteWebDriver.java:363)
	at pageObjects.CheckoutPage.getPlaceOrderBtn(CheckoutPage.java:84)
	at smokeTest.ValidateSmokeTest.ValidateCheckoutProcess(ValidateSmokeTest.java:652)
	at sun.reflect.NativeMethodAccessorImpl.invoke0(Native Method)
	at sun.reflect.NativeMethodAccessorImpl.invoke(Unknown Source)
	at sun.reflect.DelegatingMethodAccessorImpl.invoke(Unknown Source)
	at java.lang.reflect.Method.invoke(Unknown Source)
	at org.testng.internal.MethodInvocationHelper.invokeMethod(MethodInvocationHelper.java:124)
	at org.testng.internal.Invoker.invokeMethod(Invoker.java:571)
	at org.testng.internal.Invoker.invokeTestMethod(Invoker.java:707)
	at org.testng.internal.Invoker.invokeTestMethods(Invoker.java:979)
	at org.testng.internal.TestMethodWorker.invokeTestMethods(TestMethodWorker.java:125)
	at org.testng.internal.TestMethodWorker.run(TestMethodWorker.java:109)
	at org.testng.TestRunner.privateRun(TestRunner.java:648)
	at org.testng.TestRunner.run(TestRunner.java:505)
	at org.testng.SuiteRunner.runTest(SuiteRunner.java:455)
	at org.testng.SuiteRunner.runSequentially(SuiteRunner.java:450)
	at org.testng.SuiteRunner.privateRun(SuiteRunner.java:415)
	at org.testng.SuiteRunner.run(SuiteRunner.java:364)
	at org.testng.SuiteRunnerWorker.runSuite(SuiteRunnerWorker.java:52)
	at org.testng.SuiteRunnerWorker.run(SuiteRunnerWorker.java:84)
	at org.testng.TestNG.runSuitesSequentially(TestNG.java:1187)
	at org.testng.TestNG.runSuitesLocally(TestNG.java:1116)
	at org.testng.TestNG.runSuites(TestNG.java:1028)
	at org.testng.TestNG.run(TestNG.java:996)
	at org.testng.remote.AbstractRemoteTestNG.run(AbstractRemoteTestNG.java:114)
	at org.testng.remote.RemoteTestNG.initAndRun(RemoteTestNG.java:251)
	at org.testng.remote.RemoteTestNG.main(RemoteTestNG.java:77)
</div></td></tr></table><p class="totop"><a href="#summary">back to summary</a></p>
<h3 id="m1">smokeTest.ValidateSmokeTest#ValidateCompaePage</h3><table class="result"><tr><th>Exception</th></tr><tr><td><div class="stacktrace">java.lang.AssertionError: expected [Product Compare - MarkITplace] but found [null]
	at org.testng.Assert.fail(Assert.java:96)
	at org.testng.Assert.failNotEquals(Assert.java:776)
	at org.testng.Assert.assertEqualsImpl(Assert.java:132)
	at org.testng.Assert.assertEquals(Assert.java:118)
	at org.testng.Assert.assertEquals(Assert.java:453)
	at org.testng.Assert.assertEquals(Assert.java:463)
	at smokeTest.ValidateSmokeTest.ValidateCompaePage(ValidateSmokeTest.java:1543)
	at sun.reflect.NativeMethodAccessorImpl.invoke0(Native Method)
	at sun.reflect.NativeMethodAccessorImpl.invoke(Unknown Source)
	at sun.reflect.DelegatingMethodAccessorImpl.invoke(Unknown Source)
	at java.lang.reflect.Method.invoke(Unknown Source)
	at org.testng.internal.MethodInvocationHelper.invokeMethod(MethodInvocationHelper.java:124)
	at org.testng.internal.Invoker.invokeMethod(Invoker.java:571)
	at org.testng.internal.Invoker.invokeTestMethod(Invoker.java:707)
	at org.testng.internal.Invoker.invokeTestMethods(Invoker.java:979)
	at org.testng.internal.TestMethodWorker.invokeTestMethods(TestMethodWorker.java:125)
	at org.testng.internal.TestMethodWorker.run(TestMethodWorker.java:109)
	at org.testng.TestRunner.privateRun(TestRunner.java:648)
	at org.testng.TestRunner.run(TestRunner.java:505)
	at org.testng.SuiteRunner.runTest(SuiteRunner.java:455)
	at org.testng.SuiteRunner.runSequentially(SuiteRunner.java:450)
	at org.testng.SuiteRunner.privateRun(SuiteRunner.java:415)
	at org.testng.SuiteRunner.run(SuiteRunner.java:364)
	at org.testng.SuiteRunnerWorker.runSuite(SuiteRunnerWorker.java:52)
	at org.testng.SuiteRunnerWorker.run(SuiteRunnerWorker.java:84)
	at org.testng.TestNG.runSuitesSequentially(TestNG.java:1187)
	at org.testng.TestNG.runSuitesLocally(TestNG.java:1116)
	at org.testng.TestNG.runSuites(TestNG.java:1028)
	at org.testng.TestNG.run(TestNG.java:996)
	at org.testng.remote.AbstractRemoteTestNG.run(AbstractRemoteTestNG.java:114)
	at org.testng.remote.RemoteTestNG.initAndRun(RemoteTestNG.java:251)
	at org.testng.remote.RemoteTestNG.main(RemoteTestNG.java:77)
</div></td></tr></table><p class="totop"><a href="#summary">back to summary</a></p>
<h3 id="m2">smokeTest.ValidateSmokeTest#ValidateAllProduct</h3><table class="result"><tr><th class="invisible"/></tr></table><p class="totop"><a href="#summary">back to summary</a></p>
<h3 id="m3">smokeTest.ValidateSmokeTest#ValidateAudioCablesCategory</h3><table class="result"><tr><th class="invisible"/></tr></table><p class="totop"><a href="#summary">back to summary</a></p>
<h3 id="m4">smokeTest.ValidateSmokeTest#ValidateCalendarLinks</h3><table class="result"><tr><th class="invisible"/></tr></table><p class="totop"><a href="#summary">back to summary</a></p>
<h3 id="m5">smokeTest.ValidateSmokeTest#ValidateCalendarPage</h3><table class="result"><tr><th class="invisible"/></tr></table><p class="totop"><a href="#summary">back to summary</a></p>
<h3 id="m6">smokeTest.ValidateSmokeTest#ValidateCartPage</h3><table class="result"><tr><th class="invisible"/></tr></table><p class="totop"><a href="#summary">back to summary</a></p>
<h3 id="m7">smokeTest.ValidateSmokeTest#ValidateCheckoutFooterLogo</h3><table class="result"><tr><th class="invisible"/></tr></table><p class="totop"><a href="#summary">back to summary</a></p>
<h3 id="m8">smokeTest.ValidateSmokeTest#ValidateCheckoutHeaderLogo</h3><table class="result"><tr><th class="invisible"/></tr></table><p class="totop"><a href="#summary">back to summary</a></p>
<h3 id="m9">smokeTest.ValidateSmokeTest#ValidateFavoriteIcon</h3><table class="result"><tr><th class="invisible"/></tr></table><p class="totop"><a href="#summary">back to summary</a></p>
<h3 id="m10">smokeTest.ValidateSmokeTest#ValidateFooterLinks</h3><table class="result"><tr><th class="invisible"/></tr></table><p class="totop"><a href="#summary">back to summary</a></p>
<h3 id="m11">smokeTest.ValidateSmokeTest#ValidateFooterLogo</h3><table class="result"><tr><th class="invisible"/></tr></table><p class="totop"><a href="#summary">back to summary</a></p>
<h3 id="m12">smokeTest.ValidateSmokeTest#ValidateHeaderLogo</h3><table class="result"><tr><th class="invisible"/></tr></table><p class="totop"><a href="#summary">back to summary</a></p>
<h3 id="m13">smokeTest.ValidateSmokeTest#ValidateLogin</h3><table class="result"><tr><th class="invisible"/></tr></table><p class="totop"><a href="#summary">back to summary</a></p>
<h3 id="m14">smokeTest.ValidateSmokeTest#ValidateMyProfNavigation</h3><table class="result"><tr><th class="invisible"/></tr></table><p class="totop"><a href="#summary">back to summary</a></p>
<h3 id="m15">smokeTest.ValidateSmokeTest#ValidatePAEmail</h3><table class="result"><tr><th class="invisible"/></tr></table><p class="totop"><a href="#summary">back to summary</a></p>
<h3 id="m16">smokeTest.ValidateSmokeTest#ValidatePDPandAddToCart</h3><table class="result"><tr><th class="invisible"/></tr></table><p class="totop"><a href="#summary">back to summary</a></p>
<h3 id="m17">smokeTest.ValidateSmokeTest#ValidatePurchaseAnalysisPage</h3><table class="result"><tr><th class="invisible"/></tr></table><p class="totop"><a href="#summary">back to summary</a></p>
<h3 id="m18">smokeTest.ValidateSmokeTest#ValidateRecentViewLink</h3><table class="result"><tr><th class="invisible"/></tr></table><p class="totop"><a href="#summary">back to summary</a></p>
<h3 id="m19">smokeTest.ValidateSmokeTest#ValidateResources</h3><table class="result"><tr><th class="invisible"/></tr></table><p class="totop"><a href="#summary">back to summary</a></p>
<h3 id="m20">smokeTest.ValidateSmokeTest#ValidateSavedReports</h3><table class="result"><tr><th class="invisible"/></tr></table><p class="totop"><a href="#summary">back to summary</a></p>
<h3 id="m21">smokeTest.ValidateSmokeTest#ValidateSearching</h3><table class="result"><tr><th class="invisible"/></tr></table><p class="totop"><a href="#summary">back to summary</a></p>
<h3 id="m22">smokeTest.ValidateSmokeTest#ValidateSpecialOffer</h3><table class="result"><tr><th class="invisible"/></tr></table><p class="totop"><a href="#summary">back to summary</a></p>
<h3 id="m23">smokeTest.ValidateSmokeTest#ValidateStandardsCatalog</h3><table class="result"><tr><th class="invisible"/></tr></table><p class="totop"><a href="#summary">back to summary</a></p>
<h3 id="m24">smokeTest.ValidateSmokeTest#ValidateStandardsCatalogDetail</h3><table class="result"><tr><th class="invisible"/></tr></table><p class="totop"><a href="#summary">back to summary</a></p>
<h3 id="m25">smokeTest.ValidateSmokeTest#ValidateTrackpage</h3><table class="result"><tr><th class="invisible"/></tr></table><p class="totop"><a href="#summary">back to summary</a></p>
<h3 id="m26">smokeTest.ValidateSmokeTest#ValidateordersPage</h3><table class="result"><tr><th class="invisible"/></tr></table><p class="totop"><a href="#summary">back to summary</a></p>
</body>
</html>
